This is pdfTeX, Version 3.1415926-1.40.10 (TeX Live 2009/Debian) (format=pdflatex 2013.1.31)  29 APR 2013 16:22
entering extended mode
 %&-line parsing enabled.
**UserGuide.tex
(./UserGuide.tex
LaTeX2e <2009/09/24>
Babel <v3.8l> and hyphenation patterns for english, usenglishmax, dumylang, noh
yphenation, loaded.
(/usr/share/texmf-texlive/tex/latex/base/article.cls
Document Class: article 2007/10/19 v1.4h Standard LaTeX document class
(/usr/share/texmf-texlive/tex/latex/base/size12.clo
File: size12.clo 2007/10/19 v1.4h Standard LaTeX file (size option)
)
\c@part=\count79
\c@section=\count80
\c@subsection=\count81
\c@subsubsection=\count82
\c@paragraph=\count83
\c@subparagraph=\count84
\c@figure=\count85
\c@table=\count86
\abovecaptionskip=\skip41
\belowcaptionskip=\skip42
\bibindent=\dimen102
)
(/usr/share/texmf-texlive/tex/latex/tools/enumerate.sty
Package: enumerate 1999/03/05 v3.00 enumerate extensions (DPC)
\@enLab=\toks14
)
(/usr/share/texmf-texlive/tex/latex/geometry/geometry.sty
Package: geometry 2008/12/21 v4.2 Page Geometry

(/usr/share/texmf-texlive/tex/latex/graphics/keyval.sty
Package: keyval 1999/03/16 v1.13 key=value parser (DPC)
\KV@toks@=\toks15
)
(/usr/share/texmf-texlive/tex/generic/oberdiek/ifpdf.sty
Package: ifpdf 2009/04/10 v2.0 Provides the ifpdf switch (HO)
Package ifpdf Info: pdfTeX in pdf mode detected.
)
(/usr/share/texmf-texlive/tex/generic/oberdiek/ifvtex.sty
Package: ifvtex 2008/11/04 v1.4 Switches for detecting VTeX and its modes (HO)
Package ifvtex Info: VTeX not detected.
)
\Gm@cnth=\count87
\Gm@cntv=\count88
\c@Gm@tempcnt=\count89
\Gm@bindingoffset=\dimen103
\Gm@wd@mp=\dimen104
\Gm@odd@mp=\dimen105
\Gm@even@mp=\dimen106
\Gm@dimlist=\toks16
)
(/usr/share/texmf-texlive/tex/latex/graphics/graphicx.sty
Package: graphicx 1999/02/16 v1.0f Enhanced LaTeX Graphics (DPC,SPQR)

(/usr/share/texmf-texlive/tex/latex/graphics/graphics.sty
Package: graphics 2009/02/05 v1.0o Standard LaTeX Graphics (DPC,SPQR)

(/usr/share/texmf-texlive/tex/latex/graphics/trig.sty
Package: trig 1999/03/16 v1.09 sin cos tan (DPC)
)
(/etc/texmf/tex/latex/config/graphics.cfg
File: graphics.cfg 2009/08/28 v1.8 graphics configuration of TeX Live
)
Package graphics Info: Driver file: pdftex.def on input line 91.

(/usr/share/texmf-texlive/tex/latex/pdftex-def/pdftex.def
File: pdftex.def 2010/03/12 v0.04p Graphics/color for pdfTeX
\Gread@gobject=\count90
))
\Gin@req@height=\dimen107
\Gin@req@width=\dimen108
)
(/usr/share/texmf-texlive/tex/latex/amsmath/amsmath.sty
Package: amsmath 2000/07/18 v2.13 AMS math features
\@mathmargin=\skip43

For additional information on amsmath, use the `?' option.
(/usr/share/texmf-texlive/tex/latex/amsmath/amstext.sty
Package: amstext 2000/06/29 v2.01

(/usr/share/texmf-texlive/tex/latex/amsmath/amsgen.sty
File: amsgen.sty 1999/11/30 v2.0
\@emptytoks=\toks17
\ex@=\dimen109
))
(/usr/share/texmf-texlive/tex/latex/amsmath/amsbsy.sty
Package: amsbsy 1999/11/29 v1.2d
\pmbraise@=\dimen110
)
(/usr/share/texmf-texlive/tex/latex/amsmath/amsopn.sty
Package: amsopn 1999/12/14 v2.01 operator names
)
\inf@bad=\count91
LaTeX Info: Redefining \frac on input line 211.
\uproot@=\count92
\leftroot@=\count93
LaTeX Info: Redefining \overline on input line 307.
\classnum@=\count94
\DOTSCASE@=\count95
LaTeX Info: Redefining \ldots on input line 379.
LaTeX Info: Redefining \dots on input line 382.
LaTeX Info: Redefining \cdots on input line 467.
\Mathstrutbox@=\box26
\strutbox@=\box27
\big@size=\dimen111
LaTeX Font Info:    Redeclaring font encoding OML on input line 567.
LaTeX Font Info:    Redeclaring font encoding OMS on input line 568.
\macc@depth=\count96
\c@MaxMatrixCols=\count97
\dotsspace@=\muskip10
\c@parentequation=\count98
\dspbrk@lvl=\count99
\tag@help=\toks18
\row@=\count100
\column@=\count101
\maxfields@=\count102
\andhelp@=\toks19
\eqnshift@=\dimen112
\alignsep@=\dimen113
\tagshift@=\dimen114
\tagwidth@=\dimen115
\totwidth@=\dimen116
\lineht@=\dimen117
\@envbody=\toks20
\multlinegap=\skip44
\multlinetaggap=\skip45
\mathdisplay@stack=\toks21
LaTeX Info: Redefining \[ on input line 2666.
LaTeX Info: Redefining \] on input line 2667.
) (./UserGuide.aux)
\openout1 = `UserGuide.aux'.

LaTeX Font Info:    Checking defaults for OML/cmm/m/it on input line 21.
LaTeX Font Info:    ... okay on input line 21.
LaTeX Font Info:    Checking defaults for T1/cmr/m/n on input line 21.
LaTeX Font Info:    ... okay on input line 21.
LaTeX Font Info:    Checking defaults for OT1/cmr/m/n on input line 21.
LaTeX Font Info:    ... okay on input line 21.
LaTeX Font Info:    Checking defaults for OMS/cmsy/m/n on input line 21.
LaTeX Font Info:    ... okay on input line 21.
LaTeX Font Info:    Checking defaults for OMX/cmex/m/n on input line 21.
LaTeX Font Info:    ... okay on input line 21.
LaTeX Font Info:    Checking defaults for U/cmr/m/n on input line 21.
LaTeX Font Info:    ... okay on input line 21.

*geometry auto-detecting driver*
*geometry detected driver: pdftex*
-------------------- Geometry parameters
paper: class default
landscape: --
twocolumn: --
twoside: --
asymmetric: --
h-parts: 108.405pt, 397.485pt, 108.405pt
v-parts: 108.405pt, 578.15999pt, 108.405pt
hmarginratio: --
vmarginratio: --
lines: --
heightrounded: --
bindingoffset: 0.0pt
truedimen: --
includehead: --
includefoot: --
includemp: --
driver: pdftex
-------------------- Page layout dimensions and switches
\paperwidth  614.295pt
\paperheight 794.96999pt
\textwidth  397.485pt
\textheight 578.15999pt
\oddsidemargin  36.13501pt
\evensidemargin 36.13501pt
\topmargin  -0.86499pt
\headheight 12.0pt
\headsep    25.0pt
\footskip   30.0pt
\marginparwidth 44.0pt
\marginparsep   10.0pt
\columnsep  10.0pt
\skip\footins  10.8pt plus 4.0pt minus 2.0pt
\hoffset 0.0pt
\voffset 0.0pt
\mag 1000

(1in=72.27pt, 1cm=28.45pt)
-----------------------
(/usr/share/texmf-texlive/tex/context/base/supp-pdf.mkii
[Loading MPS to PDF converter (version 2006.09.02).]
\scratchcounter=\count103
\scratchdimen=\dimen118
\scratchbox=\box28
\nofMPsegments=\count104
\nofMParguments=\count105
\everyMPshowfont=\toks22
\MPscratchCnt=\count106
\MPscratchDim=\dimen119
\MPnumerator=\count107
\everyMPtoPDFconversion=\toks23
) [1

{/var/lib/texmf/fonts/map/pdftex/updmap/pdftex.map}] [2] [3]
Overfull \hbox (2.00252pt too wide) in paragraph at lines 96--97
[]\OT1/cmr/m/n/12 Composite Newton-Cotes Quadra-ture Meth-ods work by us-ing ev
enly spaced
 []


Overfull \hbox (12.45105pt too wide) in paragraph at lines 98--99
[]\OT1/cmr/m/n/12 The Gaus-sian Quadra-ture method we de-cided to in-clude is G
aussian-Legendre
 []

[4] <semiCircleMonteCarlo.png, id=24, 586.8324pt x 294.1389pt>
File: semiCircleMonteCarlo.png Graphic file (type png)

<use semiCircleMonteCarlo.png>
<polynomialMonteCarlo.png, id=26, 586.8324pt x 442.2924pt>
File: polynomialMonteCarlo.png Graphic file (type png)

<use polynomialMonteCarlo.png> [5 <./semiCircleMonteCarlo.png>]
<logisticLeftRiemman.png, id=33, 586.8324pt x 442.2924pt>
File: logisticLeftRiemman.png Graphic file (type png)

<use logisticLeftRiemman.png> [6 <./polynomialMonteCarlo.png>] [7 <./logisticLe
ftRiemman.png>] [8] <parabolaRightRIemman.png, id=49, 586.8324pt x 442.2924pt>
File: parabolaRightRIemman.png Graphic file (type png)

<use parabolaRightRIemman.png> [9 <./parabolaRightRIemman.png>]
Overfull \hbox (105.15468pt too wide) in alignment at lines 189--196
 [][][] []
 []

[10] <cubicTrapezoidal.png, id=57, 586.8324pt x 442.2924pt>
File: cubicTrapezoidal.png Graphic file (type png)

<use cubicTrapezoidal.png>
<cosMidpointRiemman.png, id=58, 586.8324pt x 442.2924pt>
File: cosMidpointRiemman.png Graphic file (type png)

<use cosMidpointRiemman.png> [11 <./cubicTrapezoidal.png>] [12 <./cosMidpointRi
emman.png>] [13] <gaussianSimpsons.png, id=71, 586.8324pt x 442.2924pt>
File: gaussianSimpsons.png Graphic file (type png)

<use gaussianSimpsons.png> [14]
Overfull \hbox (8.37666pt too wide) detected at line 271
[] \OT1/cmr/m/n/12 = [][]\OML/cmm/m/it/12 f\OT1/cmr/m/n/12 (\OML/cmm/m/it/12 x[
]\OT1/cmr/m/n/12 ) + 4[] + 2[] + \OML/cmm/m/it/12 f\OT1/cmr/m/n/12 (\OML/cmm/m/
it/12 x[]\OT1/cmr/m/n/12 )[] + [](\OML/cmm/m/it/12 b \OMS/cmsy/m/n/12 ^^@ \OML/
cmm/m/it/12 a\OT1/cmr/m/n/12 )\OML/cmm/m/it/12 f[]\OT1/cmr/m/n/12 (\OML/cmm/m/i
t/12 ^^V\OT1/cmr/m/n/12 )\OML/cmm/m/it/12 :
 []


Overfull \hbox (23.01224pt too wide) detected at line 274
[] \OMS/cmsy/m/n/12 ^^Y [][]\OML/cmm/m/it/12 f\OT1/cmr/m/n/12 (\OML/cmm/m/it/12
 x[]\OT1/cmr/m/n/12 ) + 4\OML/cmm/m/it/12 f\OT1/cmr/m/n/12 (\OML/cmm/m/it/12 x[
]\OT1/cmr/m/n/12 ) + 2\OML/cmm/m/it/12 f\OT1/cmr/m/n/12 (\OML/cmm/m/it/12 x[]\O
T1/cmr/m/n/12 ) + 4\OML/cmm/m/it/12 f\OT1/cmr/m/n/12 (\OML/cmm/m/it/12 x[]\OT1/
cmr/m/n/12 ) + [] + 2\OML/cmm/m/it/12 f\OT1/cmr/m/n/12 (\OML/cmm/m/it/12 x[]\OT
1/cmr/m/n/12 ) + 4\OML/cmm/m/it/12 f\OT1/cmr/m/n/12 (\OML/cmm/m/it/12 x[]\OT1/c
mr/m/n/12 ) + \OML/cmm/m/it/12 f\OT1/cmr/m/n/12 (\OML/cmm/m/it/12 x[]\OT1/cmr/m
/n/12 )[]\OML/cmm/m/it/12 :
 []

[15 <./gaussianSimpsons.png>] [16]
Overfull \hbox (0.80347pt too wide) in paragraph at lines 327--328
\OT1/cmr/m/n/12 which lends it-self much bet-ter to the pic-to-rial sense. It t
urns out that Gaussian-
 []

[17] <sinXplusXgaussian.png, id=85, 586.8324pt x 442.2924pt>
File: sinXplusXgaussian.png Graphic file (type png)

<use sinXplusXgaussian.png> [18 <./sinXplusXgaussian.png>] [19]
Overfull \hbox (68.53746pt too wide) in paragraph at lines 355--356
[]\OT1/cmtt/m/n/10.95 http://www.scientificpython.net/1/post/2012/04/clenshaw-c
urtis-quadrature.html
 []


Underfull \hbox (badness 10000) in paragraph at lines 355--356

 []

[20] (./UserGuide.aux) ) 
Here is how much of TeX's memory you used:
 1976 strings out of 495061
 25328 string characters out of 1182621
 88053 words of memory out of 3000000
 5158 multiletter control sequences out of 15000+50000
 12036 words of font info for 44 fonts, out of 3000000 for 9000
 28 hyphenation exceptions out of 8191
 27i,14n,32p,808b,218s stack positions out of 5000i,500n,10000p,200000b,50000s
</usr/share/texmf-texlive/fonts/type1/public/amsfonts/c
m/cmbx12.pfb></usr/share/texmf-texlive/fonts/type1/public/amsfonts/cm/cmbxti10.
pfb></usr/share/texmf-texlive/fonts/type1/public/amsfonts/cm/cmex10.pfb></usr/s
hare/texmf-texlive/fonts/type1/public/amsfonts/cm/cmmi10.pfb></usr/share/texmf-
texlive/fonts/type1/public/amsfonts/cm/cmmi12.pfb></usr/share/texmf-texlive/fon
ts/type1/public/amsfonts/cm/cmmi6.pfb></usr/share/texmf-texlive/fonts/type1/pub
lic/amsfonts/cm/cmmi8.pfb></usr/share/texmf-texlive/fonts/type1/public/amsfonts
/cm/cmr10.pfb></usr/share/texmf-texlive/fonts/type1/public/amsfonts/cm/cmr12.pf
b></usr/share/texmf-texlive/fonts/type1/public/amsfonts/cm/cmr17.pfb></usr/shar
e/texmf-texlive/fonts/type1/public/amsfonts/cm/cmr6.pfb></usr/share/texmf-texli
ve/fonts/type1/public/amsfonts/cm/cmr8.pfb></usr/share/texmf-texlive/fonts/type
1/public/amsfonts/cm/cmsy10.pfb></usr/share/texmf-texlive/fonts/type1/public/am
sfonts/cm/cmsy6.pfb></usr/share/texmf-texlive/fonts/type1/public/amsfonts/cm/cm
sy8.pfb></usr/share/texmf-texlive/fonts/type1/public/amsfonts/cm/cmti12.pfb></u
sr/share/texmf-texlive/fonts/type1/public/amsfonts/cm/cmtt10.pfb>
Output written on UserGuide.pdf (20 pages, 493420 bytes).
PDF statistics:
 152 PDF objects out of 1000 (max. 8388607)
 0 named destinations out of 1000 (max. 500000)
 41 words of extra memory for PDF output out of 10000 (max. 10000000)

